<?xml version="1.0" encoding="UTF-8"?>
<!-- Generated by org.testng.reporters.JUnitReportReporter -->
<testsuite skipped="0" hostname="dell-PC" name="org.test.B" tests="1" failures="0" timestamp="23 Nov 2019 10:30:12 GMT" time="0.024" errors="0">
  <testcase name="tc1" time="0.024" classname="org.test.B"/>
</testsuite> <!-- org.test.B -->
