<?xml version="1.0" encoding="UTF-8"?>
<!-- Generated by org.testng.reporters.JUnitReportReporter -->
<testsuite skipped="0" hostname="dell-PC" name="org.test.A" tests="3" failures="0" timestamp="24 Nov 2019 00:49:20 GMT" time="18.136" errors="0">
  <testcase name="func1" time="10.138" classname="org.test.A"/>
  <testcase name="func" time="0.086" classname="org.test.A"/>
  <testcase name="func2" time="7.912" classname="org.test.A"/>
</testsuite> <!-- org.test.A -->
